<?xml version="1.0" encoding="UTF-8"?>
<testng-results ignored="0" total="1" passed="1" failed="0" skipped="0">
  <reporter-output>
  </reporter-output>
  <suite started-at="2023-09-15T19:04:53 IST" name="Default suite" finished-at="2023-09-15T19:04:59 IST" duration-ms="5985">
    <groups>
    </groups>
    <test started-at="2023-09-15T19:04:53 IST" name="Default test" finished-at="2023-09-15T19:04:59 IST" duration-ms="5985">
      <class name="org.pack.RestAssuPrac">
        <test-method signature="sampleTest()[pri:0, instance:org.pack.RestAssuPrac@53045c6c]" started-at="2023-09-15T19:04:53 IST" name="sampleTest" finished-at="2023-09-15T19:04:59 IST" duration-ms="5905" status="PASS">
          <reporter-output>
          </reporter-output>
        </test-method> <!-- sampleTest -->
      </class> <!-- org.pack.RestAssuPrac -->
    </test> <!-- Default test -->
  </suite> <!-- Default suite -->
</testng-results>
